TN:
SF:script/DeployVotingsystem.s.sol
DA:8,0
FN:8,DeployVotingsystem.run
FNDA:0,DeployVotingsystem.run
DA:10,0
DA:13,0
DA:18,0
DA:21,0
DA:23,0
DA:25,0
FNF:1
FNH:0
LF:7
LH:0
BRF:0
BRH:0
end_of_record
TN:
SF:script/Interactions.s.sol
DA:12,0
FN:12,Interactions.vote
FNDA:0,Interactions.vote
DA:13,0
DA:14,0
DA:15,0
DA:16,0
DA:19,0
FN:19,Interactions.registerVoter
FNDA:0,Interactions.registerVoter
DA:20,0
DA:21,0
DA:22,0
DA:23,0
DA:26,0
FN:26,Interactions.addcandidates
FNDA:0,Interactions.addcandidates
DA:27,0
DA:28,0
DA:29,0
DA:30,0
DA:33,0
FN:33,Interactions.startVoting
FNDA:0,Interactions.startVoting
DA:34,0
DA:35,0
DA:36,0
DA:37,0
DA:40,0
FN:40,Interactions.endvoting
FNDA:0,Interactions.endvoting
DA:41,0
DA:42,0
DA:43,0
DA:44,0
DA:47,0
FN:47,Interactions.getwinner
FNDA:0,Interactions.getwinner
DA:48,0
DA:49,0
DA:50,0
DA:51,0
DA:54,0
FN:54,Interactions.getvotingstatus
FNDA:0,Interactions.getvotingstatus
DA:55,0
DA:56,0
DA:57,0
DA:58,0
FNF:7
FNH:0
LF:35
LH:0
BRF:0
BRH:0
end_of_record
TN:
SF:src/VotingSystem.sol
DA:50,13
FN:50,VotingSystem.constructor
FNDA:13,VotingSystem.constructor
DA:51,13
DA:52,13
DA:54,13
DA:55,39
DA:74,13
FN:74,VotingSystem.onlyOwner
FNDA:13,VotingSystem.onlyOwner
DA:75,13
BRDA:75,0,0,-
BRDA:75,0,1,15
DA:79,1
FN:79,VotingSystem.addCandidate
FNDA:1,VotingSystem.addCandidate
DA:80,0
BRDA:80,1,0,-
BRDA:80,1,1,-
DA:81,0
DA:82,0
DA:83,0
DA:86,12
FN:86,VotingSystem.registerVoter
FNDA:12,VotingSystem.registerVoter
DA:87,11
DA:88,11
DA:89,11
DA:92,9
FN:92,VotingSystem.vote
FNDA:9,VotingSystem.vote
DA:93,9
DA:94,1
BRDA:94,2,0,1
DA:96,1
BRDA:96,3,0,1
DA:97,7
DA:98,1
BRDA:98,4,0,1
DA:99,6
BRDA:99,5,0,1
DA:101,5
DA:102,5
DA:103,5
DA:104,5
DA:107,13
FN:107,VotingSystem.setvotingdeadline
FNDA:13,VotingSystem.setvotingdeadline
DA:109,13
DA:112,0
FN:112,VotingSystem.startVoting
FNDA:0,VotingSystem.startVoting
DA:113,0
BRDA:113,6,0,-
BRDA:113,6,1,-
DA:114,0
DA:115,0
DA:118,1
FN:118,VotingSystem.endVoting
FNDA:1,VotingSystem.endVoting
DA:119,0
BRDA:119,7,0,-
BRDA:119,7,1,-
DA:120,0
DA:121,0
DA:124,0
FN:124,VotingSystem.resetElection
FNDA:0,VotingSystem.resetElection
DA:128,0
DA:129,0
DA:130,0
DA:132,0
DA:134,0
DA:135,0
DA:137,0
DA:139,0
DA:141,0
BRDA:141,8,0,-
BRDA:141,8,1,-
DA:145,0
DA:146,0
DA:148,0
DA:149,0
DA:151,0
DA:152,0
DA:155,2
FN:155,VotingSystem.getWinners
FNDA:2,VotingSystem.getWinners
DA:161,2
BRDA:161,9,0,-
DA:162,0
BRDA:162,10,0,-
DA:165,2
DA:166,2
DA:168,2
DA:169,6
BRDA:169,11,0,1
DA:170,1
DA:171,1
DA:176,2
BRDA:176,12,0,1
DA:177,1
DA:181,2
FN:181,VotingSystem.getCandidates
FNDA:2,VotingSystem.getCandidates
DA:182,2
DA:185,0
FN:185,VotingSystem.getResults
FNDA:0,VotingSystem.getResults
DA:191,0
DA:193,0
DA:194,0
DA:196,0
DA:197,0
DA:198,0
DA:201,0
DA:204,0
FN:204,VotingSystem.getVotingStatus
FNDA:0,VotingSystem.getVotingStatus
DA:205,0
DA:208,0
FN:208,VotingSystem.getVotingDeadline
FNDA:0,VotingSystem.getVotingDeadline
DA:209,0
FNF:14
FNH:9
LF:78
LH:38
BRF:18
BRH:7
end_of_record
